<?xml version="1.0" encoding="UTF-8"?>
<robot generator="Robot 4.1.2 (Python 3.8.10 on linux)" generated="20211209 23:35:32.748" rpa="false" schemaversion="2">
<suite id="s1" name="Dh" source="/home/penax/DigitalHouse/testing/prova_Final/dh.robot">
<test id="s1-t1" name="Validação das informações do curso de Data Analytics">
<kw name="Abrir o Site" library="dh" type="SETUP">
<kw name="Open Browser" library="SeleniumLibrary">
<arg>${SITE}</arg>
<arg>${NAVEGADOR}</arg>
<doc>Opens a new browser instance to the optional ``url``.</doc>
<msg timestamp="20211209 23:35:32.975" level="INFO">Opening browser 'Chrome' to base url 'https://www.digitalhouse.com/br'.</msg>
<status status="PASS" starttime="20211209 23:35:32.975" endtime="20211209 23:35:37.626"/>
</kw>
<kw name="Maximize Browser Window" library="SeleniumLibrary">
<doc>Maximizes current browser window.</doc>
<status status="PASS" starttime="20211209 23:35:37.626" endtime="20211209 23:35:37.734"/>
</kw>
<kw name="Set Selenium Speed" library="SeleniumLibrary">
<arg>0.1</arg>
<doc>Sets the delay that is waited after each Selenium command.</doc>
<status status="PASS" starttime="20211209 23:35:37.734" endtime="20211209 23:35:37.734"/>
</kw>
<status status="PASS" starttime="20211209 23:35:32.974" endtime="20211209 23:35:37.734"/>
</kw>
<kw name="Clicar em “Aceitar Cookies”" library="dh">
<kw name="Select Frame" library="SeleniumLibrary">
<arg>${COOKIE_FRAME}</arg>
<doc>Sets frame identified by ``locator`` as the current frame.</doc>
<msg timestamp="20211209 23:35:37.735" level="INFO">Selecting frame 'xpath=/html/body/iframe[2]'.</msg>
<status status="PASS" starttime="20211209 23:35:37.735" endtime="20211209 23:35:37.979"/>
</kw>
<kw name="Wait and Click" library="dh">
<arg>${ACEITAR_COOKIE}</arg>
<kw name="Wait Until Element Is Visible" library="SeleniumLibrary">
<arg>${ELEMENTO}</arg>
<arg>10</arg>
<doc>Waits until the element ``locator`` is visible.</doc>
<status status="PASS" starttime="20211209 23:35:37.980" endtime="20211209 23:35:38.222"/>
</kw>
<kw name="Wait Until Element Is Enabled" library="SeleniumLibrary">
<arg>${ELEMENTO}</arg>
<doc>Waits until the element ``locator`` is enabled.</doc>
<status status="PASS" starttime="20211209 23:35:38.222" endtime="20211209 23:35:38.564"/>
</kw>
<kw name="Click Element" library="SeleniumLibrary">
<arg>${ELEMENTO}</arg>
<doc>Click the element identified by ``locator``.</doc>
<msg timestamp="20211209 23:35:38.565" level="INFO">Clicking element 'xpath=/html/body/div/div/div[1]/div[1]/div[2]/div[1]/div[2]'.</msg>
<status status="PASS" starttime="20211209 23:35:38.564" endtime="20211209 23:35:38.851"/>
</kw>
<status status="PASS" starttime="20211209 23:35:37.979" endtime="20211209 23:35:38.851"/>
</kw>
<kw name="Unselect Frame" library="SeleniumLibrary">
<doc>Sets the main frame as the current frame.</doc>
<status status="PASS" starttime="20211209 23:35:38.851" endtime="20211209 23:35:38.957"/>
</kw>
<status status="PASS" starttime="20211209 23:35:37.735" endtime="20211209 23:35:38.958"/>
</kw>
<kw name="Clicar em “Conheça nossos cursos”" library="dh">
<kw name="Wait and Click" library="dh">
<arg>${CONHECER_CURSOS}</arg>
<kw name="Wait Until Element Is Visible" library="SeleniumLibrary">
<arg>${ELEMENTO}</arg>
<arg>10</arg>
<doc>Waits until the element ``locator`` is visible.</doc>
<status status="PASS" starttime="20211209 23:35:38.960" endtime="20211209 23:35:39.192"/>
</kw>
<kw name="Wait Until Element Is Enabled" library="SeleniumLibrary">
<arg>${ELEMENTO}</arg>
<doc>Waits until the element ``locator`` is enabled.</doc>
<status status="PASS" starttime="20211209 23:35:39.192" endtime="20211209 23:35:39.522"/>
</kw>
<kw name="Click Element" library="SeleniumLibrary">
<arg>${ELEMENTO}</arg>
<doc>Click the element identified by ``locator``.</doc>
<msg timestamp="20211209 23:35:39.524" level="INFO">Clicking element 'xpath=//*[@id="__next"]/div/main/section[1]/div/div/div[1]/div/div[2]/div/a'.</msg>
<status status="PASS" starttime="20211209 23:35:39.523" endtime="20211209 23:35:40.413"/>
</kw>
<status status="PASS" starttime="20211209 23:35:38.959" endtime="20211209 23:35:40.413"/>
</kw>
<status status="PASS" starttime="20211209 23:35:38.958" endtime="20211209 23:35:40.414"/>
</kw>
<kw name="Selecionar o curso “Data Analytics”" library="dh">
<kw name="Scroll Wait and Click" library="dh">
<arg>${SELECIONAR_DATA_ANALYTIC}</arg>
<kw name="Wait Until Element Is Visible" library="SeleniumLibrary">
<arg>${ELEMENTO}</arg>
<doc>Waits until the element ``locator`` is visible.</doc>
<status status="PASS" starttime="20211209 23:35:40.415" endtime="20211209 23:35:40.646"/>
</kw>
<kw name="Wait Until Element Is Enabled" library="SeleniumLibrary">
<arg>${ELEMENTO}</arg>
<doc>Waits until the element ``locator`` is enabled.</doc>
<status status="PASS" starttime="20211209 23:35:40.646" endtime="20211209 23:35:40.990"/>
</kw>
<kw name="Scroll Element Into View" library="SeleniumLibrary">
<arg>${ELEMENTO}</arg>
<doc>Scrolls the element identified by ``locator`` into view.</doc>
<status status="PASS" starttime="20211209 23:35:40.990" endtime="20211209 23:35:41.471"/>
</kw>
<kw name="Click Element" library="SeleniumLibrary">
<arg>${ELEMENTO}</arg>
<doc>Click the element identified by ``locator``.</doc>
<msg timestamp="20211209 23:35:41.472" level="INFO">Clicking element 'xpath=//*[@id="__next"]/div/main/section[2]/div/div/div[1]/a'.</msg>
<status status="PASS" starttime="20211209 23:35:41.471" endtime="20211209 23:35:42.087"/>
</kw>
<status status="PASS" starttime="20211209 23:35:40.414" endtime="20211209 23:35:42.087"/>
</kw>
<status status="PASS" starttime="20211209 23:35:40.414" endtime="20211209 23:35:42.087"/>
</kw>
<kw name="Verificar se o subtitulo do curso corresponde a “Transforme grandes quantidades de dados em insights.”" library="dh" sourcename="Verificar se o subtitulo do curso corresponde a “${TEXTO_ESPERADO}”">
<kw name="Element Should Contain" library="SeleniumLibrary">
<arg>${CAMPO_TITULO}</arg>
<arg>${TEXTO_ESPERADO}</arg>
<doc>Verifies that element ``locator`` contains text ``expected``.</doc>
<msg timestamp="20211209 23:35:42.312" level="INFO">Element 'xpath=//*[@id="__next"]/div/main/section/div/div/div[1]/div/div[1]/p' contains text 'Transforme grandes quantidades de dados em insights.'.</msg>
<status status="PASS" starttime="20211209 23:35:42.088" endtime="20211209 23:35:42.313"/>
</kw>
<status status="PASS" starttime="20211209 23:35:42.087" endtime="20211209 23:35:42.313"/>
</kw>
<kw name="Verificar se a página contém o termo “manipulação e análise de dados”" library="dh" sourcename="Verificar se a página contém o termo “${TEXTO_PAGINA}”">
<kw name="Page Should Contain" library="SeleniumLibrary">
<arg>${TEXTO_PAGINA}</arg>
<doc>Verifies that current page contains ``text``.</doc>
<msg timestamp="20211209 23:35:42.526" level="INFO">Current page contains text 'manipulação e análise de dados'.</msg>
<status status="PASS" starttime="20211209 23:35:42.313" endtime="20211209 23:35:42.526"/>
</kw>
<status status="PASS" starttime="20211209 23:35:42.313" endtime="20211209 23:35:42.526"/>
</kw>
<kw name="Clicar em “Inscreva-se”" library="dh">
<kw name="Wait and Click" library="dh">
<arg>${SELECIONAR_INSCREVA_SE}</arg>
<kw name="Wait Until Element Is Visible" library="SeleniumLibrary">
<arg>${ELEMENTO}</arg>
<arg>10</arg>
<doc>Waits until the element ``locator`` is visible.</doc>
<status status="PASS" starttime="20211209 23:35:42.527" endtime="20211209 23:35:42.748"/>
</kw>
<kw name="Wait Until Element Is Enabled" library="SeleniumLibrary">
<arg>${ELEMENTO}</arg>
<doc>Waits until the element ``locator`` is enabled.</doc>
<status status="PASS" starttime="20211209 23:35:42.749" endtime="20211209 23:35:43.069"/>
</kw>
<kw name="Click Element" library="SeleniumLibrary">
<arg>${ELEMENTO}</arg>
<doc>Click the element identified by ``locator``.</doc>
<msg timestamp="20211209 23:35:43.069" level="INFO">Clicking element 'xpath=//*[@id="__next"]/div/main/section/div/div/div[1]/div/div[2]/div/a'.</msg>
<status status="PASS" starttime="20211209 23:35:43.069" endtime="20211209 23:35:43.313"/>
</kw>
<status status="PASS" starttime="20211209 23:35:42.527" endtime="20211209 23:35:43.313"/>
</kw>
<kw name="Wait and Click" library="dh">
<arg>${BUTTON_INSCREVA_SE}</arg>
<kw name="Wait Until Element Is Visible" library="SeleniumLibrary">
<arg>${ELEMENTO}</arg>
<arg>10</arg>
<doc>Waits until the element ``locator`` is visible.</doc>
<status status="PASS" starttime="20211209 23:35:43.314" endtime="20211209 23:35:43.531"/>
</kw>
<kw name="Wait Until Element Is Enabled" library="SeleniumLibrary">
<arg>${ELEMENTO}</arg>
<doc>Waits until the element ``locator`` is enabled.</doc>
<status status="PASS" starttime="20211209 23:35:43.531" endtime="20211209 23:35:43.851"/>
</kw>
<kw name="Click Element" library="SeleniumLibrary">
<arg>${ELEMENTO}</arg>
<doc>Click the element identified by ``locator``.</doc>
<msg timestamp="20211209 23:35:43.852" level="INFO">Clicking element 'xpath=//*[@id="0"]/div/a'.</msg>
<status status="PASS" starttime="20211209 23:35:43.851" endtime="20211209 23:35:44.631"/>
</kw>
<status status="PASS" starttime="20211209 23:35:43.313" endtime="20211209 23:35:44.631"/>
</kw>
<status status="PASS" starttime="20211209 23:35:42.526" endtime="20211209 23:35:44.631"/>
</kw>
<kw name="Validar se o valor do curso é “R$ 9.824,00”" library="dh" sourcename="Validar se o valor do curso é “${VALIDAR_PRECO}”">
<kw name="Execute Javascript" library="SeleniumLibrary">
<arg>window.scrollTo(0,200)</arg>
<doc>Executes the given JavaScript code with possible arguments.</doc>
<msg timestamp="20211209 23:35:44.632" level="INFO">Executing JavaScript:
window.scrollTo(0,200)
Without any arguments.</msg>
<status status="PASS" starttime="20211209 23:35:44.632" endtime="20211209 23:35:44.854"/>
</kw>
<kw name="Wait Until Element Is Visible" library="SeleniumLibrary">
<arg>${CAMPO_PRECO}</arg>
<doc>Waits until the element ``locator`` is visible.</doc>
<status status="PASS" starttime="20211209 23:35:44.855" endtime="20211209 23:35:45.074"/>
</kw>
<kw name="Element Should Contain" library="SeleniumLibrary">
<arg>${CAMPO_PRECO}</arg>
<arg>${VALIDAR_PRECO}</arg>
<doc>Verifies that element ``locator`` contains text ``expected``.</doc>
<msg timestamp="20211209 23:35:45.297" level="INFO">Element 'xpath=//*[@id="__next"]/div/main/section[2]/div/div[2]/dl/div/div[4]/div/div/span[1]' contains text 'R$ 9.824,00'.</msg>
<status status="PASS" starttime="20211209 23:35:45.074" endtime="20211209 23:35:45.297"/>
</kw>
<status status="PASS" starttime="20211209 23:35:44.632" endtime="20211209 23:35:45.297"/>
</kw>
<kw name="Close Browser" library="SeleniumLibrary" type="TEARDOWN">
<doc>Closes the current browser.</doc>
<status status="PASS" starttime="20211209 23:35:45.298" endtime="20211209 23:35:45.459"/>
</kw>
<status status="PASS" starttime="20211209 23:35:32.974" endtime="20211209 23:35:45.459"/>
</test>
<test id="s1-t2" name="Validação das informações do curso de Data Science">
<kw name="Abrir o Site" library="dh" type="SETUP">
<kw name="Open Browser" library="SeleniumLibrary">
<arg>${SITE}</arg>
<arg>${NAVEGADOR}</arg>
<doc>Opens a new browser instance to the optional ``url``.</doc>
<msg timestamp="20211209 23:35:45.461" level="INFO">Opening browser 'Chrome' to base url 'https://www.digitalhouse.com/br'.</msg>
<status status="PASS" starttime="20211209 23:35:45.461" endtime="20211209 23:35:47.391"/>
</kw>
<kw name="Maximize Browser Window" library="SeleniumLibrary">
<doc>Maximizes current browser window.</doc>
<status status="PASS" starttime="20211209 23:35:47.392" endtime="20211209 23:35:47.628"/>
</kw>
<kw name="Set Selenium Speed" library="SeleniumLibrary">
<arg>0.1</arg>
<doc>Sets the delay that is waited after each Selenium command.</doc>
<status status="PASS" starttime="20211209 23:35:47.629" endtime="20211209 23:35:47.629"/>
</kw>
<status status="PASS" starttime="20211209 23:35:45.460" endtime="20211209 23:35:47.629"/>
</kw>
<kw name="Clicar em “Aceitar Cookies”" library="dh">
<kw name="Select Frame" library="SeleniumLibrary">
<arg>${COOKIE_FRAME}</arg>
<doc>Sets frame identified by ``locator`` as the current frame.</doc>
<msg timestamp="20211209 23:35:47.630" level="INFO">Selecting frame 'xpath=/html/body/iframe[2]'.</msg>
<status status="PASS" starttime="20211209 23:35:47.629" endtime="20211209 23:35:47.862"/>
</kw>
<kw name="Wait and Click" library="dh">
<arg>${ACEITAR_COOKIE}</arg>
<kw name="Wait Until Element Is Visible" library="SeleniumLibrary">
<arg>${ELEMENTO}</arg>
<arg>10</arg>
<doc>Waits until the element ``locator`` is visible.</doc>
<status status="PASS" starttime="20211209 23:35:47.864" endtime="20211209 23:35:48.105"/>
</kw>
<kw name="Wait Until Element Is Enabled" library="SeleniumLibrary">
<arg>${ELEMENTO}</arg>
<doc>Waits until the element ``locator`` is enabled.</doc>
<status status="PASS" starttime="20211209 23:35:48.105" endtime="20211209 23:35:48.443"/>
</kw>
<kw name="Click Element" library="SeleniumLibrary">
<arg>${ELEMENTO}</arg>
<doc>Click the element identified by ``locator``.</doc>
<msg timestamp="20211209 23:35:48.444" level="INFO">Clicking element 'xpath=/html/body/div/div/div[1]/div[1]/div[2]/div[1]/div[2]'.</msg>
<status status="PASS" starttime="20211209 23:35:48.443" endtime="20211209 23:35:48.727"/>
</kw>
<status status="PASS" starttime="20211209 23:35:47.862" endtime="20211209 23:35:48.728"/>
</kw>
<kw name="Unselect Frame" library="SeleniumLibrary">
<doc>Sets the main frame as the current frame.</doc>
<status status="PASS" starttime="20211209 23:35:48.728" endtime="20211209 23:35:48.834"/>
</kw>
<status status="PASS" starttime="20211209 23:35:47.629" endtime="20211209 23:35:48.834"/>
</kw>
<kw name="Clicar em “Conheça nossos cursos”" library="dh">
<kw name="Wait and Click" library="dh">
<arg>${CONHECER_CURSOS}</arg>
<kw name="Wait Until Element Is Visible" library="SeleniumLibrary">
<arg>${ELEMENTO}</arg>
<arg>10</arg>
<doc>Waits until the element ``locator`` is visible.</doc>
<status status="PASS" starttime="20211209 23:35:48.837" endtime="20211209 23:35:49.069"/>
</kw>
<kw name="Wait Until Element Is Enabled" library="SeleniumLibrary">
<arg>${ELEMENTO}</arg>
<doc>Waits until the element ``locator`` is enabled.</doc>
<status status="PASS" starttime="20211209 23:35:49.070" endtime="20211209 23:35:49.412"/>
</kw>
<kw name="Click Element" library="SeleniumLibrary">
<arg>${ELEMENTO}</arg>
<doc>Click the element identified by ``locator``.</doc>
<msg timestamp="20211209 23:35:49.414" level="INFO">Clicking element 'xpath=//*[@id="__next"]/div/main/section[1]/div/div/div[1]/div/div[2]/div/a'.</msg>
<status status="PASS" starttime="20211209 23:35:49.413" endtime="20211209 23:35:50.291"/>
</kw>
<status status="PASS" starttime="20211209 23:35:48.836" endtime="20211209 23:35:50.291"/>
</kw>
<status status="PASS" starttime="20211209 23:35:48.835" endtime="20211209 23:35:50.291"/>
</kw>
<kw name="Selecionar o curso “Data Science”" library="dh">
<kw name="Wait and Click" library="dh">
<arg>${SELECIONAR_DATA_SCIENCE}</arg>
<kw name="Wait Until Element Is Visible" library="SeleniumLibrary">
<arg>${ELEMENTO}</arg>
<arg>10</arg>
<doc>Waits until the element ``locator`` is visible.</doc>
<status status="PASS" starttime="20211209 23:35:50.294" endtime="20211209 23:35:50.522"/>
</kw>
<kw name="Wait Until Element Is Enabled" library="SeleniumLibrary">
<arg>${ELEMENTO}</arg>
<doc>Waits until the element ``locator`` is enabled.</doc>
<status status="PASS" starttime="20211209 23:35:50.523" endtime="20211209 23:35:50.859"/>
</kw>
<kw name="Click Element" library="SeleniumLibrary">
<arg>${ELEMENTO}</arg>
<doc>Click the element identified by ``locator``.</doc>
<msg timestamp="20211209 23:35:50.861" level="INFO">Clicking element 'xpath=//*[@id="__next"]/div/main/section[2]/div/div/div[2]/a'.</msg>
<status status="PASS" starttime="20211209 23:35:50.860" endtime="20211209 23:35:51.536"/>
</kw>
<status status="PASS" starttime="20211209 23:35:50.293" endtime="20211209 23:35:51.537"/>
</kw>
<status status="PASS" starttime="20211209 23:35:50.292" endtime="20211209 23:35:51.537"/>
</kw>
<kw name="Verificar se o subtitulo do curso corresponde a “Machine learning, inteligência artificial e tudo mais sobre a ciência de dados”" library="dh" sourcename="Verificar se o subtitulo do curso corresponde a “${TEXTO_ESPERADO}”">
<kw name="Element Should Contain" library="SeleniumLibrary">
<arg>${CAMPO_TITULO}</arg>
<arg>${TEXTO_ESPERADO}</arg>
<doc>Verifies that element ``locator`` contains text ``expected``.</doc>
<msg timestamp="20211209 23:35:51.773" level="INFO">Element 'xpath=//*[@id="__next"]/div/main/section/div/div/div[1]/div/div[1]/p' contains text 'Machine learning, inteligência artificial e tudo mais sobre a ciência de dados'.</msg>
<status status="PASS" starttime="20211209 23:35:51.539" endtime="20211209 23:35:51.773"/>
</kw>
<status status="PASS" starttime="20211209 23:35:51.538" endtime="20211209 23:35:51.773"/>
</kw>
<kw name="Verificar se a página contém o termo “processamento e análise de grandes quantidades de dados”" library="dh" sourcename="Verificar se a página contém o termo “${TEXTO_PAGINA}”">
<kw name="Page Should Contain" library="SeleniumLibrary">
<arg>${TEXTO_PAGINA}</arg>
<doc>Verifies that current page contains ``text``.</doc>
<msg timestamp="20211209 23:35:51.994" level="INFO">Current page contains text 'processamento e análise de grandes quantidades de dados'.</msg>
<status status="PASS" starttime="20211209 23:35:51.774" endtime="20211209 23:35:51.995"/>
</kw>
<status status="PASS" starttime="20211209 23:35:51.774" endtime="20211209 23:35:51.995"/>
</kw>
<kw name="Clicar em “Inscreva-se”" library="dh">
<kw name="Wait and Click" library="dh">
<arg>${SELECIONAR_INSCREVA_SE}</arg>
<kw name="Wait Until Element Is Visible" library="SeleniumLibrary">
<arg>${ELEMENTO}</arg>
<arg>10</arg>
<doc>Waits until the element ``locator`` is visible.</doc>
<status status="PASS" starttime="20211209 23:35:51.997" endtime="20211209 23:35:52.226"/>
</kw>
<kw name="Wait Until Element Is Enabled" library="SeleniumLibrary">
<arg>${ELEMENTO}</arg>
<doc>Waits until the element ``locator`` is enabled.</doc>
<status status="PASS" starttime="20211209 23:35:52.226" endtime="20211209 23:35:52.571"/>
</kw>
<kw name="Click Element" library="SeleniumLibrary">
<arg>${ELEMENTO}</arg>
<doc>Click the element identified by ``locator``.</doc>
<msg timestamp="20211209 23:35:52.572" level="INFO">Clicking element 'xpath=//*[@id="__next"]/div/main/section/div/div/div[1]/div/div[2]/div/a'.</msg>
<status status="PASS" starttime="20211209 23:35:52.571" endtime="20211209 23:35:52.834"/>
</kw>
<status status="PASS" starttime="20211209 23:35:51.996" endtime="20211209 23:35:52.834"/>
</kw>
<kw name="Wait and Click" library="dh">
<arg>${BUTTON_INSCREVA_SE}</arg>
<kw name="Wait Until Element Is Visible" library="SeleniumLibrary">
<arg>${ELEMENTO}</arg>
<arg>10</arg>
<doc>Waits until the element ``locator`` is visible.</doc>
<status status="PASS" starttime="20211209 23:35:52.835" endtime="20211209 23:35:53.064"/>
</kw>
<kw name="Wait Until Element Is Enabled" library="SeleniumLibrary">
<arg>${ELEMENTO}</arg>
<doc>Waits until the element ``locator`` is enabled.</doc>
<status status="PASS" starttime="20211209 23:35:53.064" endtime="20211209 23:35:53.386"/>
</kw>
<kw name="Click Element" library="SeleniumLibrary">
<arg>${ELEMENTO}</arg>
<doc>Click the element identified by ``locator``.</doc>
<msg timestamp="20211209 23:35:53.387" level="INFO">Clicking element 'xpath=//*[@id="0"]/div/a'.</msg>
<status status="PASS" starttime="20211209 23:35:53.386" endtime="20211209 23:35:53.868"/>
</kw>
<status status="PASS" starttime="20211209 23:35:52.834" endtime="20211209 23:35:53.868"/>
</kw>
<status status="PASS" starttime="20211209 23:35:51.996" endtime="20211209 23:35:53.868"/>
</kw>
<kw name="Validar se o valor do curso é “R$ 11.312,00”" library="dh" sourcename="Validar se o valor do curso é “${VALIDAR_PRECO}”">
<kw name="Execute Javascript" library="SeleniumLibrary">
<arg>window.scrollTo(0,200)</arg>
<doc>Executes the given JavaScript code with possible arguments.</doc>
<msg timestamp="20211209 23:35:53.870" level="INFO">Executing JavaScript:
window.scrollTo(0,200)
Without any arguments.</msg>
<status status="PASS" starttime="20211209 23:35:53.869" endtime="20211209 23:35:53.988"/>
</kw>
<kw name="Wait Until Element Is Visible" library="SeleniumLibrary">
<arg>${CAMPO_PRECO}</arg>
<doc>Waits until the element ``locator`` is visible.</doc>
<status status="PASS" starttime="20211209 23:35:53.989" endtime="20211209 23:35:54.223"/>
</kw>
<kw name="Element Should Contain" library="SeleniumLibrary">
<arg>${CAMPO_PRECO}</arg>
<arg>${VALIDAR_PRECO}</arg>
<doc>Verifies that element ``locator`` contains text ``expected``.</doc>
<msg timestamp="20211209 23:35:54.452" level="INFO">Element 'xpath=//*[@id="__next"]/div/main/section[2]/div/div[2]/dl/div/div[4]/div/div/span[1]' contains text 'R$ 11.312,00'.</msg>
<status status="PASS" starttime="20211209 23:35:54.224" endtime="20211209 23:35:54.452"/>
</kw>
<status status="PASS" starttime="20211209 23:35:53.869" endtime="20211209 23:35:54.452"/>
</kw>
<kw name="Close Browser" library="SeleniumLibrary" type="TEARDOWN">
<doc>Closes the current browser.</doc>
<status status="PASS" starttime="20211209 23:35:54.453" endtime="20211209 23:35:54.610"/>
</kw>
<status status="PASS" starttime="20211209 23:35:45.460" endtime="20211209 23:35:54.611"/>
</test>
<test id="s1-t3" name="Validação das informações do curso de Desenvolvimento Mobile Android">
<kw name="Abrir o Site" library="dh" type="SETUP">
<kw name="Open Browser" library="SeleniumLibrary">
<arg>${SITE}</arg>
<arg>${NAVEGADOR}</arg>
<doc>Opens a new browser instance to the optional ``url``.</doc>
<msg timestamp="20211209 23:35:54.612" level="INFO">Opening browser 'Chrome' to base url 'https://www.digitalhouse.com/br'.</msg>
<status status="PASS" starttime="20211209 23:35:54.612" endtime="20211209 23:35:57.544"/>
</kw>
<kw name="Maximize Browser Window" library="SeleniumLibrary">
<doc>Maximizes current browser window.</doc>
<status status="PASS" starttime="20211209 23:35:57.544" endtime="20211209 23:35:57.753"/>
</kw>
<kw name="Set Selenium Speed" library="SeleniumLibrary">
<arg>0.1</arg>
<doc>Sets the delay that is waited after each Selenium command.</doc>
<status status="PASS" starttime="20211209 23:35:57.753" endtime="20211209 23:35:57.754"/>
</kw>
<status status="PASS" starttime="20211209 23:35:54.612" endtime="20211209 23:35:57.754"/>
</kw>
<kw name="Clicar em “Aceitar Cookies”" library="dh">
<kw name="Select Frame" library="SeleniumLibrary">
<arg>${COOKIE_FRAME}</arg>
<doc>Sets frame identified by ``locator`` as the current frame.</doc>
<msg timestamp="20211209 23:35:57.755" level="INFO">Selecting frame 'xpath=/html/body/iframe[2]'.</msg>
<status status="PASS" starttime="20211209 23:35:57.754" endtime="20211209 23:35:57.984"/>
</kw>
<kw name="Wait and Click" library="dh">
<arg>${ACEITAR_COOKIE}</arg>
<kw name="Wait Until Element Is Visible" library="SeleniumLibrary">
<arg>${ELEMENTO}</arg>
<arg>10</arg>
<doc>Waits until the element ``locator`` is visible.</doc>
<status status="PASS" starttime="20211209 23:35:57.985" endtime="20211209 23:35:58.229"/>
</kw>
<kw name="Wait Until Element Is Enabled" library="SeleniumLibrary">
<arg>${ELEMENTO}</arg>
<doc>Waits until the element ``locator`` is enabled.</doc>
<status status="PASS" starttime="20211209 23:35:58.230" endtime="20211209 23:35:58.570"/>
</kw>
<kw name="Click Element" library="SeleniumLibrary">
<arg>${ELEMENTO}</arg>
<doc>Click the element identified by ``locator``.</doc>
<msg timestamp="20211209 23:35:58.571" level="INFO">Clicking element 'xpath=/html/body/div/div/div[1]/div[1]/div[2]/div[1]/div[2]'.</msg>
<status status="PASS" starttime="20211209 23:35:58.570" endtime="20211209 23:35:58.851"/>
</kw>
<status status="PASS" starttime="20211209 23:35:57.984" endtime="20211209 23:35:58.851"/>
</kw>
<kw name="Unselect Frame" library="SeleniumLibrary">
<doc>Sets the main frame as the current frame.</doc>
<status status="PASS" starttime="20211209 23:35:58.851" endtime="20211209 23:35:58.954"/>
</kw>
<status status="PASS" starttime="20211209 23:35:57.754" endtime="20211209 23:35:58.954"/>
</kw>
<kw name="Clicar em “Conheça nossos cursos”" library="dh">
<kw name="Wait and Click" library="dh">
<arg>${CONHECER_CURSOS}</arg>
<kw name="Wait Until Element Is Visible" library="SeleniumLibrary">
<arg>${ELEMENTO}</arg>
<arg>10</arg>
<doc>Waits until the element ``locator`` is visible.</doc>
<status status="PASS" starttime="20211209 23:35:58.955" endtime="20211209 23:35:59.176"/>
</kw>
<kw name="Wait Until Element Is Enabled" library="SeleniumLibrary">
<arg>${ELEMENTO}</arg>
<doc>Waits until the element ``locator`` is enabled.</doc>
<status status="PASS" starttime="20211209 23:35:59.176" endtime="20211209 23:35:59.506"/>
</kw>
<kw name="Click Element" library="SeleniumLibrary">
<arg>${ELEMENTO}</arg>
<doc>Click the element identified by ``locator``.</doc>
<msg timestamp="20211209 23:35:59.507" level="INFO">Clicking element 'xpath=//*[@id="__next"]/div/main/section[1]/div/div/div[1]/div/div[2]/div/a'.</msg>
<status status="PASS" starttime="20211209 23:35:59.506" endtime="20211209 23:36:00.389"/>
</kw>
<status status="PASS" starttime="20211209 23:35:58.954" endtime="20211209 23:36:00.390"/>
</kw>
<status status="PASS" starttime="20211209 23:35:58.954" endtime="20211209 23:36:00.390"/>
</kw>
<kw name="Selecionar o curso “Desenvolvimento Mobile Android”" library="dh">
<kw name="Execute Javascript" library="SeleniumLibrary">
<arg>window.scrollTo(0,200)</arg>
<doc>Executes the given JavaScript code with possible arguments.</doc>
<msg timestamp="20211209 23:36:00.392" level="INFO">Executing JavaScript:
window.scrollTo(0,200)
Without any arguments.</msg>
<status status="PASS" starttime="20211209 23:36:00.391" endtime="20211209 23:36:00.504"/>
</kw>
<kw name="Wait and Click" library="dh">
<arg>${SELECIONAR_DEV_MOBILE_AND}</arg>
<kw name="Wait Until Element Is Visible" library="SeleniumLibrary">
<arg>${ELEMENTO}</arg>
<arg>10</arg>
<doc>Waits until the element ``locator`` is visible.</doc>
<status status="PASS" starttime="20211209 23:36:00.505" endtime="20211209 23:36:00.733"/>
</kw>
<kw name="Wait Until Element Is Enabled" library="SeleniumLibrary">
<arg>${ELEMENTO}</arg>
<doc>Waits until the element ``locator`` is enabled.</doc>
<status status="PASS" starttime="20211209 23:36:00.733" endtime="20211209 23:36:01.072"/>
</kw>
<kw name="Click Element" library="SeleniumLibrary">
<arg>${ELEMENTO}</arg>
<doc>Click the element identified by ``locator``.</doc>
<msg timestamp="20211209 23:36:01.073" level="INFO">Clicking element 'xpath=//*[@id="__next"]/div/main/section[2]/div/div/div[3]/a'.</msg>
<status status="PASS" starttime="20211209 23:36:01.072" endtime="20211209 23:36:01.588"/>
</kw>
<status status="PASS" starttime="20211209 23:36:00.504" endtime="20211209 23:36:01.588"/>
</kw>
<status status="PASS" starttime="20211209 23:36:00.391" endtime="20211209 23:36:01.588"/>
</kw>
<kw name="Verificar se o subtitulo do curso corresponde a “Crie seu próprio app do zero em até 5 meses”" library="dh" sourcename="Verificar se o subtitulo do curso corresponde a “${TEXTO_ESPERADO}”">
<kw name="Element Should Contain" library="SeleniumLibrary">
<arg>${CAMPO_TITULO}</arg>
<arg>${TEXTO_ESPERADO}</arg>
<doc>Verifies that element ``locator`` contains text ``expected``.</doc>
<msg timestamp="20211209 23:36:01.821" level="INFO">Element 'xpath=//*[@id="__next"]/div/main/section/div/div/div[1]/div/div[1]/p' contains text 'Crie seu próprio app do zero em até 5 meses'.</msg>
<status status="PASS" starttime="20211209 23:36:01.589" endtime="20211209 23:36:01.821"/>
</kw>
<status status="PASS" starttime="20211209 23:36:01.589" endtime="20211209 23:36:01.822"/>
</kw>
<kw name="Verificar se a página contém o termo “desenvolver aplicações móveis como um programador profissional”" library="dh" sourcename="Verificar se a página contém o termo “${TEXTO_PAGINA}”">
<kw name="Page Should Contain" library="SeleniumLibrary">
<arg>${TEXTO_PAGINA}</arg>
<doc>Verifies that current page contains ``text``.</doc>
<msg timestamp="20211209 23:36:02.046" level="INFO">Current page contains text 'desenvolver aplicações móveis como um programador profissional'.</msg>
<status status="PASS" starttime="20211209 23:36:01.823" endtime="20211209 23:36:02.046"/>
</kw>
<status status="PASS" starttime="20211209 23:36:01.822" endtime="20211209 23:36:02.046"/>
</kw>
<kw name="Close Browser" library="SeleniumLibrary" type="TEARDOWN">
<doc>Closes the current browser.</doc>
<status status="PASS" starttime="20211209 23:36:02.047" endtime="20211209 23:36:02.215"/>
</kw>
<status status="PASS" starttime="20211209 23:35:54.611" endtime="20211209 23:36:02.215"/>
</test>
<test id="s1-t4" name="Validação das informações do curso de Desenvolvimento Mobile IOS">
<kw name="Abrir o Site" library="dh" type="SETUP">
<kw name="Open Browser" library="SeleniumLibrary">
<arg>${SITE}</arg>
<arg>${NAVEGADOR}</arg>
<doc>Opens a new browser instance to the optional ``url``.</doc>
<msg timestamp="20211209 23:36:02.217" level="INFO">Opening browser 'Chrome' to base url 'https://www.digitalhouse.com/br'.</msg>
<status status="PASS" starttime="20211209 23:36:02.217" endtime="20211209 23:36:05.286"/>
</kw>
<kw name="Maximize Browser Window" library="SeleniumLibrary">
<doc>Maximizes current browser window.</doc>
<status status="PASS" starttime="20211209 23:36:05.287" endtime="20211209 23:36:05.498"/>
</kw>
<kw name="Set Selenium Speed" library="SeleniumLibrary">
<arg>0.1</arg>
<doc>Sets the delay that is waited after each Selenium command.</doc>
<status status="PASS" starttime="20211209 23:36:05.498" endtime="20211209 23:36:05.499"/>
</kw>
<status status="PASS" starttime="20211209 23:36:02.216" endtime="20211209 23:36:05.499"/>
</kw>
<kw name="Clicar em “Aceitar Cookies”" library="dh">
<kw name="Select Frame" library="SeleniumLibrary">
<arg>${COOKIE_FRAME}</arg>
<doc>Sets frame identified by ``locator`` as the current frame.</doc>
<msg timestamp="20211209 23:36:05.501" level="INFO">Selecting frame 'xpath=/html/body/iframe[2]'.</msg>
<status status="PASS" starttime="20211209 23:36:05.500" endtime="20211209 23:36:05.736"/>
</kw>
<kw name="Wait and Click" library="dh">
<arg>${ACEITAR_COOKIE}</arg>
<kw name="Wait Until Element Is Visible" library="SeleniumLibrary">
<arg>${ELEMENTO}</arg>
<arg>10</arg>
<doc>Waits until the element ``locator`` is visible.</doc>
<status status="PASS" starttime="20211209 23:36:05.738" endtime="20211209 23:36:05.978"/>
</kw>
<kw name="Wait Until Element Is Enabled" library="SeleniumLibrary">
<arg>${ELEMENTO}</arg>
<doc>Waits until the element ``locator`` is enabled.</doc>
<status status="PASS" starttime="20211209 23:36:05.978" endtime="20211209 23:36:06.315"/>
</kw>
<kw name="Click Element" library="SeleniumLibrary">
<arg>${ELEMENTO}</arg>
<doc>Click the element identified by ``locator``.</doc>
<msg timestamp="20211209 23:36:06.316" level="INFO">Clicking element 'xpath=/html/body/div/div/div[1]/div[1]/div[2]/div[1]/div[2]'.</msg>
<status status="PASS" starttime="20211209 23:36:06.316" endtime="20211209 23:36:06.581"/>
</kw>
<status status="PASS" starttime="20211209 23:36:05.737" endtime="20211209 23:36:06.581"/>
</kw>
<kw name="Unselect Frame" library="SeleniumLibrary">
<doc>Sets the main frame as the current frame.</doc>
<status status="PASS" starttime="20211209 23:36:06.581" endtime="20211209 23:36:06.683"/>
</kw>
<status status="PASS" starttime="20211209 23:36:05.499" endtime="20211209 23:36:06.684"/>
</kw>
<kw name="Clicar em “Conheça nossos cursos”" library="dh">
<kw name="Wait and Click" library="dh">
<arg>${CONHECER_CURSOS}</arg>
<kw name="Wait Until Element Is Visible" library="SeleniumLibrary">
<arg>${ELEMENTO}</arg>
<arg>10</arg>
<doc>Waits until the element ``locator`` is visible.</doc>
<status status="PASS" starttime="20211209 23:36:06.684" endtime="20211209 23:36:06.906"/>
</kw>
<kw name="Wait Until Element Is Enabled" library="SeleniumLibrary">
<arg>${ELEMENTO}</arg>
<doc>Waits until the element ``locator`` is enabled.</doc>
<status status="PASS" starttime="20211209 23:36:06.906" endtime="20211209 23:36:07.242"/>
</kw>
<kw name="Click Element" library="SeleniumLibrary">
<arg>${ELEMENTO}</arg>
<doc>Click the element identified by ``locator``.</doc>
<msg timestamp="20211209 23:36:07.244" level="INFO">Clicking element 'xpath=//*[@id="__next"]/div/main/section[1]/div/div/div[1]/div/div[2]/div/a'.</msg>
<status status="PASS" starttime="20211209 23:36:07.243" endtime="20211209 23:36:08.121"/>
</kw>
<status status="PASS" starttime="20211209 23:36:06.684" endtime="20211209 23:36:08.121"/>
</kw>
<status status="PASS" starttime="20211209 23:36:06.684" endtime="20211209 23:36:08.121"/>
</kw>
<kw name="Selecionar o curso “Desenvolvimento Mobile IOS”" library="dh">
<kw name="Execute Javascript" library="SeleniumLibrary">
<arg>window.scrollTo(0,200)</arg>
<doc>Executes the given JavaScript code with possible arguments.</doc>
<msg timestamp="20211209 23:36:08.122" level="INFO">Executing JavaScript:
window.scrollTo(0,200)
Without any arguments.</msg>
<status status="PASS" starttime="20211209 23:36:08.121" endtime="20211209 23:36:08.234"/>
</kw>
<kw name="Wait and Click" library="dh">
<arg>${SELECIONAR_DEV_MOBILE_IOS}</arg>
<kw name="Wait Until Element Is Visible" library="SeleniumLibrary">
<arg>${ELEMENTO}</arg>
<arg>10</arg>
<doc>Waits until the element ``locator`` is visible.</doc>
<status status="PASS" starttime="20211209 23:36:08.235" endtime="20211209 23:36:08.467"/>
</kw>
<kw name="Wait Until Element Is Enabled" library="SeleniumLibrary">
<arg>${ELEMENTO}</arg>
<doc>Waits until the element ``locator`` is enabled.</doc>
<status status="PASS" starttime="20211209 23:36:08.467" endtime="20211209 23:36:08.810"/>
</kw>
<kw name="Click Element" library="SeleniumLibrary">
<arg>${ELEMENTO}</arg>
<doc>Click the element identified by ``locator``.</doc>
<msg timestamp="20211209 23:36:08.811" level="INFO">Clicking element 'xpath=//*[@id="__next"]/div/main/section[2]/div/div/div[4]/a'.</msg>
<status status="PASS" starttime="20211209 23:36:08.810" endtime="20211209 23:36:09.527"/>
</kw>
<status status="PASS" starttime="20211209 23:36:08.235" endtime="20211209 23:36:09.527"/>
</kw>
<status status="PASS" starttime="20211209 23:36:08.121" endtime="20211209 23:36:09.527"/>
</kw>
<kw name="Verificar se o subtitulo do curso corresponde a “Aprenda Swift e crie seu próprio app em até 5 meses”" library="dh" sourcename="Verificar se o subtitulo do curso corresponde a “${TEXTO_ESPERADO}”">
<kw name="Element Should Contain" library="SeleniumLibrary">
<arg>${CAMPO_TITULO}</arg>
<arg>${TEXTO_ESPERADO}</arg>
<doc>Verifies that element ``locator`` contains text ``expected``.</doc>
<msg timestamp="20211209 23:36:09.765" level="INFO">Element 'xpath=//*[@id="__next"]/div/main/section/div/div/div[1]/div/div[1]/p' contains text 'Aprenda Swift e crie seu próprio app em até 5 meses'.</msg>
<status status="PASS" starttime="20211209 23:36:09.529" endtime="20211209 23:36:09.765"/>
</kw>
<status status="PASS" starttime="20211209 23:36:09.528" endtime="20211209 23:36:09.766"/>
</kw>
<kw name="Verificar se a página contém o termo “criar apps estáveis, funcionais e atrativos”" library="dh" sourcename="Verificar se a página contém o termo “${TEXTO_PAGINA}”">
<kw name="Page Should Contain" library="SeleniumLibrary">
<arg>${TEXTO_PAGINA}</arg>
<doc>Verifies that current page contains ``text``.</doc>
<msg timestamp="20211209 23:36:09.988" level="INFO">Current page contains text 'criar apps estáveis, funcionais e atrativos'.</msg>
<status status="PASS" starttime="20211209 23:36:09.767" endtime="20211209 23:36:09.989"/>
</kw>
<status status="PASS" starttime="20211209 23:36:09.766" endtime="20211209 23:36:09.989"/>
</kw>
<kw name="Clicar em “Inscreva-se”" library="dh">
<kw name="Wait and Click" library="dh">
<arg>${SELECIONAR_INSCREVA_SE}</arg>
<kw name="Wait Until Element Is Visible" library="SeleniumLibrary">
<arg>${ELEMENTO}</arg>
<arg>10</arg>
<doc>Waits until the element ``locator`` is visible.</doc>
<status status="PASS" starttime="20211209 23:36:09.991" endtime="20211209 23:36:10.220"/>
</kw>
<kw name="Wait Until Element Is Enabled" library="SeleniumLibrary">
<arg>${ELEMENTO}</arg>
<doc>Waits until the element ``locator`` is enabled.</doc>
<status status="PASS" starttime="20211209 23:36:10.221" endtime="20211209 23:36:10.555"/>
</kw>
<kw name="Click Element" library="SeleniumLibrary">
<arg>${ELEMENTO}</arg>
<doc>Click the element identified by ``locator``.</doc>
<msg timestamp="20211209 23:36:10.556" level="INFO">Clicking element 'xpath=//*[@id="__next"]/div/main/section/div/div/div[1]/div/div[2]/div/a'.</msg>
<status status="PASS" starttime="20211209 23:36:10.555" endtime="20211209 23:36:10.822"/>
</kw>
<status status="PASS" starttime="20211209 23:36:09.990" endtime="20211209 23:36:10.822"/>
</kw>
<kw name="Wait and Click" library="dh">
<arg>${BUTTON_INSCREVA_SE}</arg>
<kw name="Wait Until Element Is Visible" library="SeleniumLibrary">
<arg>${ELEMENTO}</arg>
<arg>10</arg>
<doc>Waits until the element ``locator`` is visible.</doc>
<status status="PASS" starttime="20211209 23:36:10.823" endtime="20211209 23:36:11.052"/>
</kw>
<kw name="Wait Until Element Is Enabled" library="SeleniumLibrary">
<arg>${ELEMENTO}</arg>
<doc>Waits until the element ``locator`` is enabled.</doc>
<status status="PASS" starttime="20211209 23:36:11.053" endtime="20211209 23:36:11.394"/>
</kw>
<kw name="Click Element" library="SeleniumLibrary">
<arg>${ELEMENTO}</arg>
<doc>Click the element identified by ``locator``.</doc>
<msg timestamp="20211209 23:36:11.395" level="INFO">Clicking element 'xpath=//*[@id="0"]/div/a'.</msg>
<status status="PASS" starttime="20211209 23:36:11.394" endtime="20211209 23:36:11.879"/>
</kw>
<status status="PASS" starttime="20211209 23:36:10.823" endtime="20211209 23:36:11.879"/>
</kw>
<status status="PASS" starttime="20211209 23:36:09.990" endtime="20211209 23:36:11.879"/>
</kw>
<kw name="Validar se o valor do curso é “R$ 8.269,00”" library="dh" sourcename="Validar se o valor do curso é “${VALIDAR_PRECO}”">
<kw name="Execute Javascript" library="SeleniumLibrary">
<arg>window.scrollTo(0,200)</arg>
<doc>Executes the given JavaScript code with possible arguments.</doc>
<msg timestamp="20211209 23:36:11.880" level="INFO">Executing JavaScript:
window.scrollTo(0,200)
Without any arguments.</msg>
<status status="PASS" starttime="20211209 23:36:11.880" endtime="20211209 23:36:11.987"/>
</kw>
<kw name="Wait Until Element Is Visible" library="SeleniumLibrary">
<arg>${CAMPO_PRECO}</arg>
<doc>Waits until the element ``locator`` is visible.</doc>
<status status="PASS" starttime="20211209 23:36:11.987" endtime="20211209 23:36:12.217"/>
</kw>
<kw name="Element Should Contain" library="SeleniumLibrary">
<arg>${CAMPO_PRECO}</arg>
<arg>${VALIDAR_PRECO}</arg>
<doc>Verifies that element ``locator`` contains text ``expected``.</doc>
<msg timestamp="20211209 23:36:12.446" level="INFO">Element 'xpath=//*[@id="__next"]/div/main/section[2]/div/div[2]/dl/div/div[4]/div/div/span[1]' contains text 'R$ 8.269,00'.</msg>
<status status="PASS" starttime="20211209 23:36:12.218" endtime="20211209 23:36:12.447"/>
</kw>
<status status="PASS" starttime="20211209 23:36:11.879" endtime="20211209 23:36:12.447"/>
</kw>
<kw name="Close Browser" library="SeleniumLibrary" type="TEARDOWN">
<doc>Closes the current browser.</doc>
<status status="PASS" starttime="20211209 23:36:12.447" endtime="20211209 23:36:12.608"/>
</kw>
<status status="PASS" starttime="20211209 23:36:02.216" endtime="20211209 23:36:12.609"/>
</test>
<test id="s1-t5" name="Validação das informações do curso de Desenvolvimento Web Full Stack">
<kw name="Abrir o Site" library="dh" type="SETUP">
<kw name="Open Browser" library="SeleniumLibrary">
<arg>${SITE}</arg>
<arg>${NAVEGADOR}</arg>
<doc>Opens a new browser instance to the optional ``url``.</doc>
<msg timestamp="20211209 23:36:12.612" level="INFO">Opening browser 'Chrome' to base url 'https://www.digitalhouse.com/br'.</msg>
<status status="PASS" starttime="20211209 23:36:12.611" endtime="20211209 23:36:14.622"/>
</kw>
<kw name="Maximize Browser Window" library="SeleniumLibrary">
<doc>Maximizes current browser window.</doc>
<status status="PASS" starttime="20211209 23:36:14.622" endtime="20211209 23:36:14.848"/>
</kw>
<kw name="Set Selenium Speed" library="SeleniumLibrary">
<arg>0.1</arg>
<doc>Sets the delay that is waited after each Selenium command.</doc>
<status status="PASS" starttime="20211209 23:36:14.848" endtime="20211209 23:36:14.849"/>
</kw>
<status status="PASS" starttime="20211209 23:36:12.610" endtime="20211209 23:36:14.850"/>
</kw>
<kw name="Clicar em “Aceitar Cookies”" library="dh">
<kw name="Select Frame" library="SeleniumLibrary">
<arg>${COOKIE_FRAME}</arg>
<doc>Sets frame identified by ``locator`` as the current frame.</doc>
<msg timestamp="20211209 23:36:14.851" level="INFO">Selecting frame 'xpath=/html/body/iframe[2]'.</msg>
<status status="PASS" starttime="20211209 23:36:14.851" endtime="20211209 23:36:15.084"/>
</kw>
<kw name="Wait and Click" library="dh">
<arg>${ACEITAR_COOKIE}</arg>
<kw name="Wait Until Element Is Visible" library="SeleniumLibrary">
<arg>${ELEMENTO}</arg>
<arg>10</arg>
<doc>Waits until the element ``locator`` is visible.</doc>
<status status="PASS" starttime="20211209 23:36:15.086" endtime="20211209 23:36:15.328"/>
</kw>
<kw name="Wait Until Element Is Enabled" library="SeleniumLibrary">
<arg>${ELEMENTO}</arg>
<doc>Waits until the element ``locator`` is enabled.</doc>
<status status="PASS" starttime="20211209 23:36:15.328" endtime="20211209 23:36:15.670"/>
</kw>
<kw name="Click Element" library="SeleniumLibrary">
<arg>${ELEMENTO}</arg>
<doc>Click the element identified by ``locator``.</doc>
<msg timestamp="20211209 23:36:15.671" level="INFO">Clicking element 'xpath=/html/body/div/div/div[1]/div[1]/div[2]/div[1]/div[2]'.</msg>
<status status="PASS" starttime="20211209 23:36:15.670" endtime="20211209 23:36:15.953"/>
</kw>
<status status="PASS" starttime="20211209 23:36:15.085" endtime="20211209 23:36:15.954"/>
</kw>
<kw name="Unselect Frame" library="SeleniumLibrary">
<doc>Sets the main frame as the current frame.</doc>
<status status="PASS" starttime="20211209 23:36:15.954" endtime="20211209 23:36:16.060"/>
</kw>
<status status="PASS" starttime="20211209 23:36:14.850" endtime="20211209 23:36:16.060"/>
</kw>
<kw name="Clicar em “Conheça nossos cursos”" library="dh">
<kw name="Wait and Click" library="dh">
<arg>${CONHECER_CURSOS}</arg>
<kw name="Wait Until Element Is Visible" library="SeleniumLibrary">
<arg>${ELEMENTO}</arg>
<arg>10</arg>
<doc>Waits until the element ``locator`` is visible.</doc>
<status status="PASS" starttime="20211209 23:36:16.061" endtime="20211209 23:36:16.295"/>
</kw>
<kw name="Wait Until Element Is Enabled" library="SeleniumLibrary">
<arg>${ELEMENTO}</arg>
<doc>Waits until the element ``locator`` is enabled.</doc>
<status status="PASS" starttime="20211209 23:36:16.295" endtime="20211209 23:36:16.639"/>
</kw>
<kw name="Click Element" library="SeleniumLibrary">
<arg>${ELEMENTO}</arg>
<doc>Click the element identified by ``locator``.</doc>
<msg timestamp="20211209 23:36:16.641" level="INFO">Clicking element 'xpath=//*[@id="__next"]/div/main/section[1]/div/div/div[1]/div/div[2]/div/a'.</msg>
<status status="PASS" starttime="20211209 23:36:16.640" endtime="20211209 23:36:17.533"/>
</kw>
<status status="PASS" starttime="20211209 23:36:16.060" endtime="20211209 23:36:17.533"/>
</kw>
<status status="PASS" starttime="20211209 23:36:16.060" endtime="20211209 23:36:17.533"/>
</kw>
<kw name="Selecionar o curso “Desenvolvimento Web Full Stack”" library="dh">
<kw name="Execute Javascript" library="SeleniumLibrary">
<arg>window.scrollTo(0,300)</arg>
<doc>Executes the given JavaScript code with possible arguments.</doc>
<msg timestamp="20211209 23:36:17.535" level="INFO">Executing JavaScript:
window.scrollTo(0,300)
Without any arguments.</msg>
<status status="PASS" starttime="20211209 23:36:17.534" endtime="20211209 23:36:17.644"/>
</kw>
<kw name="Wait and Click" library="dh">
<arg>${SELECIONAR_DEV_FULLSTACK}</arg>
<kw name="Wait Until Element Is Visible" library="SeleniumLibrary">
<arg>${ELEMENTO}</arg>
<arg>10</arg>
<doc>Waits until the element ``locator`` is visible.</doc>
<status status="PASS" starttime="20211209 23:36:17.646" endtime="20211209 23:36:17.879"/>
</kw>
<kw name="Wait Until Element Is Enabled" library="SeleniumLibrary">
<arg>${ELEMENTO}</arg>
<doc>Waits until the element ``locator`` is enabled.</doc>
<status status="PASS" starttime="20211209 23:36:17.879" endtime="20211209 23:36:18.222"/>
</kw>
<kw name="Click Element" library="SeleniumLibrary">
<arg>${ELEMENTO}</arg>
<doc>Click the element identified by ``locator``.</doc>
<msg timestamp="20211209 23:36:18.223" level="INFO">Clicking element 'xpath=//*[@id="__next"]/div/main/section[2]/div/div/div[5]/a'.</msg>
<status status="PASS" starttime="20211209 23:36:18.222" endtime="20211209 23:36:18.754"/>
</kw>
<status status="PASS" starttime="20211209 23:36:17.644" endtime="20211209 23:36:18.754"/>
</kw>
<status status="PASS" starttime="20211209 23:36:17.534" endtime="20211209 23:36:18.755"/>
</kw>
<kw name="Verificar se o subtitulo do curso corresponde a “Aprenda a criar sites e aplicativos web, do começo ao fim.”" library="dh" sourcename="Verificar se o subtitulo do curso corresponde a “${TEXTO_ESPERADO}”">
<kw name="Element Should Contain" library="SeleniumLibrary">
<arg>${CAMPO_TITULO}</arg>
<arg>${TEXTO_ESPERADO}</arg>
<doc>Verifies that element ``locator`` contains text ``expected``.</doc>
<msg timestamp="20211209 23:36:18.990" level="INFO">Element 'xpath=//*[@id="__next"]/div/main/section/div/div/div[1]/div/div[1]/p' contains text 'Aprenda a criar sites e aplicativos web, do começo ao fim.'.</msg>
<status status="PASS" starttime="20211209 23:36:18.755" endtime="20211209 23:36:18.990"/>
</kw>
<status status="PASS" starttime="20211209 23:36:18.755" endtime="20211209 23:36:18.990"/>
</kw>
<kw name="Verificar se a página contém o termo “integração do front-end com o back-end”" library="dh" sourcename="Verificar se a página contém o termo “${TEXTO_PAGINA}”">
<kw name="Page Should Contain" library="SeleniumLibrary">
<arg>${TEXTO_PAGINA}</arg>
<doc>Verifies that current page contains ``text``.</doc>
<msg timestamp="20211209 23:36:19.210" level="INFO">Current page contains text 'integração do front-end com o back-end'.</msg>
<status status="PASS" starttime="20211209 23:36:18.991" endtime="20211209 23:36:19.210"/>
</kw>
<status status="PASS" starttime="20211209 23:36:18.991" endtime="20211209 23:36:19.211"/>
</kw>
<kw name="Clicar em “Inscreva-se”" library="dh">
<kw name="Wait and Click" library="dh">
<arg>${SELECIONAR_INSCREVA_SE}</arg>
<kw name="Wait Until Element Is Visible" library="SeleniumLibrary">
<arg>${ELEMENTO}</arg>
<arg>10</arg>
<doc>Waits until the element ``locator`` is visible.</doc>
<status status="PASS" starttime="20211209 23:36:19.213" endtime="20211209 23:36:19.443"/>
</kw>
<kw name="Wait Until Element Is Enabled" library="SeleniumLibrary">
<arg>${ELEMENTO}</arg>
<doc>Waits until the element ``locator`` is enabled.</doc>
<status status="PASS" starttime="20211209 23:36:19.443" endtime="20211209 23:36:19.782"/>
</kw>
<kw name="Click Element" library="SeleniumLibrary">
<arg>${ELEMENTO}</arg>
<doc>Click the element identified by ``locator``.</doc>
<msg timestamp="20211209 23:36:19.784" level="INFO">Clicking element 'xpath=//*[@id="__next"]/div/main/section/div/div/div[1]/div/div[2]/div/a'.</msg>
<status status="PASS" starttime="20211209 23:36:19.783" endtime="20211209 23:36:20.349"/>
</kw>
<status status="PASS" starttime="20211209 23:36:19.212" endtime="20211209 23:36:20.349"/>
</kw>
<kw name="Wait and Click" library="dh">
<arg>${BUTTON_INSCREVA_SE}</arg>
<kw name="Wait Until Element Is Visible" library="SeleniumLibrary">
<arg>${ELEMENTO}</arg>
<arg>10</arg>
<doc>Waits until the element ``locator`` is visible.</doc>
<status status="PASS" starttime="20211209 23:36:20.350" endtime="20211209 23:36:20.582"/>
</kw>
<kw name="Wait Until Element Is Enabled" library="SeleniumLibrary">
<arg>${ELEMENTO}</arg>
<doc>Waits until the element ``locator`` is enabled.</doc>
<status status="PASS" starttime="20211209 23:36:20.582" endtime="20211209 23:36:20.918"/>
</kw>
<kw name="Click Element" library="SeleniumLibrary">
<arg>${ELEMENTO}</arg>
<doc>Click the element identified by ``locator``.</doc>
<msg timestamp="20211209 23:36:20.919" level="INFO">Clicking element 'xpath=//*[@id="0"]/div/a'.</msg>
<status status="PASS" starttime="20211209 23:36:20.918" endtime="20211209 23:36:21.605"/>
</kw>
<status status="PASS" starttime="20211209 23:36:20.349" endtime="20211209 23:36:21.605"/>
</kw>
<status status="PASS" starttime="20211209 23:36:19.211" endtime="20211209 23:36:21.605"/>
</kw>
<kw name="Validar se o valor do curso é “R$ 9.824,00”" library="dh" sourcename="Validar se o valor do curso é “${VALIDAR_PRECO}”">
<kw name="Execute Javascript" library="SeleniumLibrary">
<arg>window.scrollTo(0,200)</arg>
<doc>Executes the given JavaScript code with possible arguments.</doc>
<msg timestamp="20211209 23:36:21.606" level="INFO">Executing JavaScript:
window.scrollTo(0,200)
Without any arguments.</msg>
<status status="PASS" starttime="20211209 23:36:21.605" endtime="20211209 23:36:21.813"/>
</kw>
<kw name="Wait Until Element Is Visible" library="SeleniumLibrary">
<arg>${CAMPO_PRECO}</arg>
<doc>Waits until the element ``locator`` is visible.</doc>
<status status="PASS" starttime="20211209 23:36:21.814" endtime="20211209 23:36:22.045"/>
</kw>
<kw name="Element Should Contain" library="SeleniumLibrary">
<arg>${CAMPO_PRECO}</arg>
<arg>${VALIDAR_PRECO}</arg>
<doc>Verifies that element ``locator`` contains text ``expected``.</doc>
<msg timestamp="20211209 23:36:22.276" level="INFO">Element 'xpath=//*[@id="__next"]/div/main/section[2]/div/div[2]/dl/div/div[4]/div/div/span[1]' contains text 'R$ 9.824,00'.</msg>
<status status="PASS" starttime="20211209 23:36:22.045" endtime="20211209 23:36:22.276"/>
</kw>
<status status="PASS" starttime="20211209 23:36:21.605" endtime="20211209 23:36:22.277"/>
</kw>
<kw name="Close Browser" library="SeleniumLibrary" type="TEARDOWN">
<doc>Closes the current browser.</doc>
<status status="PASS" starttime="20211209 23:36:22.278" endtime="20211209 23:36:22.434"/>
</kw>
<status status="PASS" starttime="20211209 23:36:12.609" endtime="20211209 23:36:22.434"/>
</test>
<test id="s1-t6" name="Validação das informações do curso Certified Tech Developer">
<kw name="Abrir o Site" library="dh" type="SETUP">
<kw name="Open Browser" library="SeleniumLibrary">
<arg>${SITE}</arg>
<arg>${NAVEGADOR}</arg>
<doc>Opens a new browser instance to the optional ``url``.</doc>
<msg timestamp="20211209 23:36:22.437" level="INFO">Opening browser 'Chrome' to base url 'https://www.digitalhouse.com/br'.</msg>
<status status="PASS" starttime="20211209 23:36:22.436" endtime="20211209 23:36:25.375"/>
</kw>
<kw name="Maximize Browser Window" library="SeleniumLibrary">
<doc>Maximizes current browser window.</doc>
<status status="PASS" starttime="20211209 23:36:25.376" endtime="20211209 23:36:25.583"/>
</kw>
<kw name="Set Selenium Speed" library="SeleniumLibrary">
<arg>0.1</arg>
<doc>Sets the delay that is waited after each Selenium command.</doc>
<status status="PASS" starttime="20211209 23:36:25.583" endtime="20211209 23:36:25.584"/>
</kw>
<status status="PASS" starttime="20211209 23:36:22.436" endtime="20211209 23:36:25.584"/>
</kw>
<kw name="Clicar em “Aceitar Cookies”" library="dh">
<kw name="Select Frame" library="SeleniumLibrary">
<arg>${COOKIE_FRAME}</arg>
<doc>Sets frame identified by ``locator`` as the current frame.</doc>
<msg timestamp="20211209 23:36:25.586" level="INFO">Selecting frame 'xpath=/html/body/iframe[2]'.</msg>
<status status="PASS" starttime="20211209 23:36:25.585" endtime="20211209 23:36:25.817"/>
</kw>
<kw name="Wait and Click" library="dh">
<arg>${ACEITAR_COOKIE}</arg>
<kw name="Wait Until Element Is Visible" library="SeleniumLibrary">
<arg>${ELEMENTO}</arg>
<arg>10</arg>
<doc>Waits until the element ``locator`` is visible.</doc>
<status status="PASS" starttime="20211209 23:36:25.818" endtime="20211209 23:36:26.043"/>
</kw>
<kw name="Wait Until Element Is Enabled" library="SeleniumLibrary">
<arg>${ELEMENTO}</arg>
<doc>Waits until the element ``locator`` is enabled.</doc>
<status status="PASS" starttime="20211209 23:36:26.044" endtime="20211209 23:36:26.394"/>
</kw>
<kw name="Click Element" library="SeleniumLibrary">
<arg>${ELEMENTO}</arg>
<doc>Click the element identified by ``locator``.</doc>
<msg timestamp="20211209 23:36:26.396" level="INFO">Clicking element 'xpath=/html/body/div/div/div[1]/div[1]/div[2]/div[1]/div[2]'.</msg>
<status status="PASS" starttime="20211209 23:36:26.395" endtime="20211209 23:36:26.682"/>
</kw>
<status status="PASS" starttime="20211209 23:36:25.817" endtime="20211209 23:36:26.682"/>
</kw>
<kw name="Unselect Frame" library="SeleniumLibrary">
<doc>Sets the main frame as the current frame.</doc>
<status status="PASS" starttime="20211209 23:36:26.682" endtime="20211209 23:36:26.785"/>
</kw>
<status status="PASS" starttime="20211209 23:36:25.585" endtime="20211209 23:36:26.786"/>
</kw>
<kw name="Clicar em “Conheça nossos cursos”" library="dh">
<kw name="Wait and Click" library="dh">
<arg>${CONHECER_CURSOS}</arg>
<kw name="Wait Until Element Is Visible" library="SeleniumLibrary">
<arg>${ELEMENTO}</arg>
<arg>10</arg>
<doc>Waits until the element ``locator`` is visible.</doc>
<status status="PASS" starttime="20211209 23:36:26.788" endtime="20211209 23:36:27.025"/>
</kw>
<kw name="Wait Until Element Is Enabled" library="SeleniumLibrary">
<arg>${ELEMENTO}</arg>
<doc>Waits until the element ``locator`` is enabled.</doc>
<status status="PASS" starttime="20211209 23:36:27.025" endtime="20211209 23:36:27.366"/>
</kw>
<kw name="Click Element" library="SeleniumLibrary">
<arg>${ELEMENTO}</arg>
<doc>Click the element identified by ``locator``.</doc>
<msg timestamp="20211209 23:36:27.368" level="INFO">Clicking element 'xpath=//*[@id="__next"]/div/main/section[1]/div/div/div[1]/div/div[2]/div/a'.</msg>
<status status="PASS" starttime="20211209 23:36:27.367" endtime="20211209 23:36:28.239"/>
</kw>
<status status="PASS" starttime="20211209 23:36:26.787" endtime="20211209 23:36:28.240"/>
</kw>
<status status="PASS" starttime="20211209 23:36:26.786" endtime="20211209 23:36:28.240"/>
</kw>
<kw name="Selecionar o curso “Certified Tech Developer”" library="dh">
<kw name="Execute Javascript" library="SeleniumLibrary">
<arg>window.scrollTo(0,500)</arg>
<doc>Executes the given JavaScript code with possible arguments.</doc>
<msg timestamp="20211209 23:36:28.243" level="INFO">Executing JavaScript:
window.scrollTo(0,500)
Without any arguments.</msg>
<status status="PASS" starttime="20211209 23:36:28.242" endtime="20211209 23:36:28.353"/>
</kw>
<kw name="Wait and Click" library="dh">
<arg>${SELECIONAR_CTD}</arg>
<kw name="Wait Until Element Is Visible" library="SeleniumLibrary">
<arg>${ELEMENTO}</arg>
<arg>10</arg>
<doc>Waits until the element ``locator`` is visible.</doc>
<status status="PASS" starttime="20211209 23:36:28.354" endtime="20211209 23:36:28.577"/>
</kw>
<kw name="Wait Until Element Is Enabled" library="SeleniumLibrary">
<arg>${ELEMENTO}</arg>
<doc>Waits until the element ``locator`` is enabled.</doc>
<status status="PASS" starttime="20211209 23:36:28.577" endtime="20211209 23:36:28.918"/>
</kw>
<kw name="Click Element" library="SeleniumLibrary">
<arg>${ELEMENTO}</arg>
<doc>Click the element identified by ``locator``.</doc>
<msg timestamp="20211209 23:36:28.919" level="INFO">Clicking element 'xpath=//*[@id="__next"]/div/main/section[2]/div/div/div[10]/a'.</msg>
<status status="PASS" starttime="20211209 23:36:28.918" endtime="20211209 23:36:34.509"/>
</kw>
<status status="PASS" starttime="20211209 23:36:28.353" endtime="20211209 23:36:34.509"/>
</kw>
<status status="PASS" starttime="20211209 23:36:28.241" endtime="20211209 23:36:34.509"/>
</kw>
<kw name="Verificar se o subtitulo do curso corresponde a “Crie novas formas de viver o mundo”" library="dh">
<kw name="Element Should Contain" library="SeleniumLibrary">
<arg>${CAMPO_TXT_CTD}</arg>
<arg>${TEXTO_ESPERADO2}</arg>
<doc>Verifies that element ``locator`` contains text ``expected``.</doc>
<msg timestamp="20211209 23:36:34.743" level="INFO">Element 'xpath=//*[@id="uJoXSc4pmpxQqCNPVe60oOnXzvTHiJXF"]/h1/font/b' contains text 'Crie novas formas de viver o mundo'.</msg>
<status status="PASS" starttime="20211209 23:36:34.510" endtime="20211209 23:36:34.744"/>
</kw>
<status status="PASS" starttime="20211209 23:36:34.510" endtime="20211209 23:36:34.744"/>
</kw>
<kw name="Verificar se a página contém o termo “Venha desenvolver uma carreira que pode mudar o mundo”" library="dh" sourcename="Verificar se a página contém o termo “${TEXTO_PAGINA}”">
<kw name="Page Should Contain" library="SeleniumLibrary">
<arg>${TEXTO_PAGINA}</arg>
<doc>Verifies that current page contains ``text``.</doc>
<msg timestamp="20211209 23:36:34.968" level="INFO">Current page contains text 'Venha desenvolver uma carreira que pode mudar o mundo'.</msg>
<status status="PASS" starttime="20211209 23:36:34.745" endtime="20211209 23:36:34.968"/>
</kw>
<status status="PASS" starttime="20211209 23:36:34.745" endtime="20211209 23:36:34.968"/>
</kw>
<kw name="Clicar em “Inscreva-se” CTD" library="dh">
<kw name="Wait and Click" library="dh">
<arg>${INSCREVA-SE-CTD}</arg>
<kw name="Wait Until Element Is Visible" library="SeleniumLibrary">
<arg>${ELEMENTO}</arg>
<arg>10</arg>
<doc>Waits until the element ``locator`` is visible.</doc>
<status status="PASS" starttime="20211209 23:36:34.970" endtime="20211209 23:36:35.201"/>
</kw>
<kw name="Wait Until Element Is Enabled" library="SeleniumLibrary">
<arg>${ELEMENTO}</arg>
<doc>Waits until the element ``locator`` is enabled.</doc>
<status status="PASS" starttime="20211209 23:36:35.202" endtime="20211209 23:36:35.544"/>
</kw>
<kw name="Click Element" library="SeleniumLibrary">
<arg>${ELEMENTO}</arg>
<doc>Click the element identified by ``locator``.</doc>
<msg timestamp="20211209 23:36:35.545" level="INFO">Clicking element 'xpath=//*[@id="wIc9FaFLQtAaqfERX7toZ8vOupowTGkN"]/div[1]'.</msg>
<status status="PASS" starttime="20211209 23:36:35.545" endtime="20211209 23:36:35.885"/>
</kw>
<status status="PASS" starttime="20211209 23:36:34.969" endtime="20211209 23:36:35.885"/>
</kw>
<status status="PASS" starttime="20211209 23:36:34.969" endtime="20211209 23:36:35.885"/>
</kw>
<kw name="Preencher os campos do formulário “Faça parte do futuro digital”" library="dh">
<kw name="Input Text" library="SeleniumLibrary">
<arg>${CAMPO_NOME}</arg>
<arg>${NOME}</arg>
<doc>Types the given ``text`` into the text field identified by ``locator``.</doc>
<msg timestamp="20211209 23:36:35.886" level="INFO">Typing text 'Gabriel' into text field 'xpath=//*[@id="SPxdIrhGPqy1WTAe5qzVoB7MONOoSOZB"]'.</msg>
<status status="PASS" starttime="20211209 23:36:35.885" endtime="20211209 23:36:36.294"/>
</kw>
<kw name="Input Text" library="SeleniumLibrary">
<arg>${CAMPO_SOBRENOME}</arg>
<arg>${SOBRENOME}</arg>
<doc>Types the given ``text`` into the text field identified by ``locator``.</doc>
<msg timestamp="20211209 23:36:36.296" level="INFO">Typing text 'Gomes' into text field 'xpath=//*[@id="DyESSyoTrg8EZUGtiPbmZmuL5y03FlCN"]'.</msg>
<status status="PASS" starttime="20211209 23:36:36.295" endtime="20211209 23:36:36.689"/>
</kw>
<kw name="Input Text" library="SeleniumLibrary">
<arg>${CAMPO_EMAIL}</arg>
<arg>${EMAIL}</arg>
<doc>Types the given ``text`` into the text field identified by ``locator``.</doc>
<msg timestamp="20211209 23:36:36.690" level="INFO">Typing text 'kbeca.gabriel793@gmail.com' into text field 'xpath=//*[@id="Lbqhh6B7SmT1OnakIxZ0TBmT2o2IxVNq"]'.</msg>
<status status="PASS" starttime="20211209 23:36:36.689" endtime="20211209 23:36:37.093"/>
</kw>
<kw name="Input Text" library="SeleniumLibrary">
<arg>${CAMPO_CELULAR}</arg>
<arg>${CELULAR}</arg>
<doc>Types the given ``text`` into the text field identified by ``locator``.</doc>
<msg timestamp="20211209 23:36:37.094" level="INFO">Typing text '81997071755' into text field 'xpath=//*[@id="zVe3bzxdSNmVk5qFPuJgonal9LqQMlq8"]'.</msg>
<status status="PASS" starttime="20211209 23:36:37.093" endtime="20211209 23:36:37.490"/>
</kw>
<kw name="Select From List By Value" library="SeleniumLibrary">
<arg>${CAMPO_ESTADO}</arg>
<arg>${ESTADO}</arg>
<doc>Selects options from selection list ``locator`` by ``values``.</doc>
<msg timestamp="20211209 23:36:37.491" level="INFO">Selecting options from selection list 'xpath=//*[@id="FhKAsNwtv8stLHRSHxLfxd7lkcUMkiM6"]' by value Pernambuco.</msg>
<status status="PASS" starttime="20211209 23:36:37.490" endtime="20211209 23:36:38.311"/>
</kw>
<kw name="Select From List By Value" library="SeleniumLibrary">
<arg>${SABER_CURSO}</arg>
<arg>${S_CURSO}</arg>
<doc>Selects options from selection list ``locator`` by ``values``.</doc>
<msg timestamp="20211209 23:36:38.312" level="INFO">Selecting options from selection list 'xpath=//*[@id="oNRhffVuMHVvyC4GWZzrJrIGLDmweIxT"]' by value Eventos.</msg>
<status status="PASS" starttime="20211209 23:36:38.312" endtime="20211209 23:36:39.142"/>
</kw>
<kw name="Sleep" library="BuiltIn">
<arg>2</arg>
<doc>Pauses the test executed for the given time.</doc>
<msg timestamp="20211209 23:36:41.143" level="INFO">Slept 2 seconds</msg>
<status status="PASS" starttime="20211209 23:36:39.143" endtime="20211209 23:36:41.144"/>
</kw>
<status status="PASS" starttime="20211209 23:36:35.885" endtime="20211209 23:36:41.144"/>
</kw>
<kw name="Close Browser" library="SeleniumLibrary" type="TEARDOWN">
<doc>Closes the current browser.</doc>
<status status="PASS" starttime="20211209 23:36:41.145" endtime="20211209 23:36:41.301"/>
</kw>
<status status="PASS" starttime="20211209 23:36:22.435" endtime="20211209 23:36:41.302"/>
</test>
<status status="PASS" starttime="20211209 23:35:32.748" endtime="20211209 23:36:41.304"/>
</suite>
<statistics>
<total>
<stat pass="6" fail="0" skip="0">All Tests</stat>
</total>
<tag>
</tag>
<suite>
<stat pass="6" fail="0" skip="0" id="s1" name="Dh">Dh</stat>
</suite>
</statistics>
<errors>
</errors>
</robot>
